c:\rappff\rappff\utils\x64\debug\utils.pdb
c:\rappff\rappff\utils\x64\debug\utils.idb
c:\rappff\rappff\utils\x64\debug\character.obj
c:\rappff\rappff\utils\x64\debug\display.obj
c:\rappff\rappff\utils\x64\debug\drawableobj.obj
c:\rappff\rappff\utils\x64\debug\fightmode.obj
c:\rappff\rappff\utils\x64\debug\fontshader.obj
c:\rappff\rappff\utils\x64\debug\gamemap.obj
c:\rappff\rappff\utils\x64\debug\mesh.obj
c:\rappff\rappff\utils\x64\debug\neworloadmode.obj
c:\rappff\rappff\utils\x64\debug\objloader.obj
c:\rappff\rappff\utils\x64\debug\observer.obj
c:\rappff\rappff\utils\x64\debug\partybuildmode.obj
c:\rappff\rappff\utils\x64\debug\randutils.obj
c:\rappff\rappff\utils\x64\debug\shader.obj
c:\rappff\rappff\utils\x64\debug\skyboxshader.obj
c:\rappff\rappff\utils\x64\debug\text.obj
c:\rappff\rappff\utils\x64\debug\texture.obj
c:\rappff\rappff\utils\x64\debug\tile.obj
c:\rappff\rappff\utils\x64\debug\tiledgameboard.obj
c:\rappff\rappff\utils\x64\debug\viewport.obj
c:\rappff\rappff\utils\x64\debug\windowsection.obj
c:\rappff\rappff\utils\x64\debug\battlemanager.obj
c:\rappff\rappff\utils\x64\debug\camera.obj
c:\rappff\rappff\utils\x64\debug\glad.obj
c:\rappff\rappff\utils\x64\debug\stbimage.obj
c:\rappff\rappff\x64\debug\utils.lib
c:\rappff\rappff\utils\x64\debug\utils.tlog\cl.command.1.tlog
c:\rappff\rappff\utils\x64\debug\utils.tlog\cl.read.1.tlog
c:\rappff\rappff\utils\x64\debug\utils.tlog\cl.write.1.tlog
c:\rappff\rappff\utils\x64\debug\utils.tlog\lib-link.read.1.tlog
c:\rappff\rappff\utils\x64\debug\utils.tlog\lib-link.write.1.tlog
c:\rappff\rappff\utils\x64\debug\utils.tlog\lib.command.1.tlog
